0 info it worked if it ends with ok
1 verbose cli [ 'C:\\Program Files\\nodejs\\node.exe',
1 verbose cli   'C:\\Program Files\\nodejs\\node_modules\\npm\\bin\\npm-cli.js',
1 verbose cli   'remove',
1 verbose cli   'maze.js' ]
2 info using npm@2.14.12
3 info using node@v4.3.1
4 verbose unbuild node_modules\maze.js
5 info preuninstall maze.js@1.0.1
6 info uninstall maze.js@1.0.1
7 verbose unbuild rmStuff maze.js@1.0.1 from C:\Users\josh\Desktop\gits\lowrezjam\node_modules
8 info postuninstall maze.js@1.0.1
9 silly gentlyRm C:\Users\josh\Desktop\gits\lowrezjam\node_modules\maze.js is being purged from base C:\Users\josh\Desktop\gits\lowrezjam
10 verbose gentlyRm don't care about contents; nuking C:\Users\josh\Desktop\gits\lowrezjam\node_modules\maze.js
11 silly vacuum-fs purging C:\Users\josh\Desktop\gits\lowrezjam\node_modules\maze.js
12 verbose stack Error: EBUSY: resource busy or locked, rmdir 'C:\Users\josh\Desktop\gits\lowrezjam\node_modules\maze.js'
12 verbose stack     at Error (native)
13 verbose cwd C:\Users\josh\Desktop\gits\lowrezjam
14 error Windows_NT 10.0.10240
15 error argv "C:\\Program Files\\nodejs\\node.exe" "C:\\Program Files\\nodejs\\node_modules\\npm\\bin\\npm-cli.js" "remove" "maze.js"
16 error node v4.3.1
17 error npm  v2.14.12
18 error path C:\Users\josh\Desktop\gits\lowrezjam\node_modules\maze.js
19 error code EBUSY
20 error errno -4082
21 error syscall rmdir
22 error EBUSY: resource busy or locked, rmdir 'C:\Users\josh\Desktop\gits\lowrezjam\node_modules\maze.js'
23 error If you need help, you may report this error at:
23 error     <https://github.com/npm/npm/issues>
24 verbose exit [ -4082, true ]
